<?xml version="1.0" encoding="UTF-8"?>
<!-- Generated by org.testng.reporters.JUnitReportReporter -->
<testsuite hostname="MSI" failures="1" tests="2" name="cucumberOptions.TestNGRunner" time="18.742" errors="0" timestamp="2024-09-22T22:19:44 IST" skipped="0">
  <testcase classname="cucumberOptions.TestNGRunner" name="runScenario" time="9.492">
    <failure message="expected [No data] but found [Beetroot]" type="java.lang.AssertionError">
      <![CDATA[java.lang.AssertionError: expected [No data] but found [Beetroot]
at org.testng.Assert.fail(Assert.java:99)
at org.testng.Assert.failNotEquals(Assert.java:1037)
at org.testng.Assert.assertEqualsImpl(Assert.java:140)
at org.testng.Assert.assertEquals(Assert.java:122)
at org.testng.Assert.assertEquals(Assert.java:629)
at org.testng.Assert.assertEquals(Assert.java:639)
at stepDefinitions.OfferPageStepDefinitions.validate_product_name_in_offers_page_matches_with_landing_page(OfferPageStepDefinitions.java:45)
at ✽.validate product name in offers page matches with landing page(file:///C:/Users/Sayan%20Das/eclipse-workspace/CucumberFramework_Greenkart/src/test/java/features/searchProduct.feature:8)
]]>
    </failure>
  </testcase> <!-- runScenario -->
  <system-out/>
  <testcase classname="cucumberOptions.TestNGRunner" name="runScenario" time="9.250"/>
  <system-out/>
</testsuite> <!-- cucumberOptions.TestNGRunner -->
